<?xml version="1.0" encoding="UTF-8"?>
<!-- Generated by org.testng.reporters.JUnitReportReporter -->
<testsuite skipped="0" hostname="DESKTOP-6VNBHPC" name="project_cucumber.runner.TestRunner" tests="3" failures="0" timestamp="2022-01-02T22:39:08 IST" time="108.941" errors="0">
  <testcase name="feature" time="36.507" classname="project_cucumber.runner.TestRunner"/>
  <testcase name="feature" time="35.280" classname="project_cucumber.runner.TestRunner"/>
  <testcase name="feature" time="37.154" classname="project_cucumber.runner.TestRunner"/>
</testsuite> <!-- project_cucumber.runner.TestRunner -->
